Dataset/Injected-Faults/RadioDroid/RadioDroid-Defeito-2/app/build/intermediates/manifest_merge_blame_file/freeDebug/manifest-merger-blame-free-debug-report.txt
1<?xml version="1.0" encoding="utf-8"?>
2<manifest xmlns:android="http://schemas.android.com/apk/res/android"
3    package="net.programmierecke.radiodroid2"
4    android:versionCode="94"
5    android:versionName="0.84" >
6
7    <uses-sdk
7-->src/main/AndroidManifest.xml:24:5-60
8        android:minSdkVersion="18"
8-->src/main/AndroidManifest.xml:24:5-60
9        android:targetSdkVersion="29" />
9-->src/main/AndroidManifest.xml:24:5-60
10
11    <uses-feature
11-->src/main/AndroidManifest.xml:6:5-7:36
12        android:name="android.hardware.touchscreen"
12-->src/main/AndroidManifest.xml:6:19-62
13        android:required="false" />
13-->src/main/AndroidManifest.xml:7:9-33
14    <uses-feature
14-->src/main/AndroidManifest.xml:8:5-9:36
15        android:name="android.software.leanback"
15-->src/main/AndroidManifest.xml:8:19-59
16        android:required="false" />
16-->src/main/AndroidManifest.xml:9:9-33
17
18    <uses-permission android:name="android.permission.INTERNET" />
18-->src/main/AndroidManifest.xml:11:5-67
18-->src/main/AndroidManifest.xml:11:22-64
19    <uses-permission android:name="android.permission.RECEIVE_BOOT_COMPLETED" />
19-->src/main/AndroidManifest.xml:12:5-81
19-->src/main/AndroidManifest.xml:12:22-78
20    <uses-permission android:name="android.permission.WAKE_LOCK" />
20-->src/main/AndroidManifest.xml:13:5-68
20-->src/main/AndroidManifest.xml:13:22-65
21    <uses-permission android:name="android.permission.WRITE_EXTERNAL_STORAGE" />
21-->src/main/AndroidManifest.xml:14:5-81
21-->src/main/AndroidManifest.xml:14:22-78
22    <uses-permission android:name="android.permission.ACCESS_NETWORK_STATE" />
22-->src/main/AndroidManifest.xml:15:5-79
22-->src/main/AndroidManifest.xml:15:22-76
23    <uses-permission android:name="android.permission.ACCESS_WIFI_STATE" />
23-->src/main/AndroidManifest.xml:16:5-76
23-->src/main/AndroidManifest.xml:16:22-73
24    <uses-permission android:name="android.permission.FOREGROUND_SERVICE" />
24-->src/main/AndroidManifest.xml:17:5-77
24-->src/main/AndroidManifest.xml:17:22-74
25    <uses-permission android:name="android.permission.BLUETOOTH" />
25-->src/main/AndroidManifest.xml:18:5-68
25-->src/main/AndroidManifest.xml:18:22-65
26    <uses-permission android:name="com.android.providers.tv.permission.WRITE_EPG_DATA" />
26-->src/main/AndroidManifest.xml:19:5-90
26-->src/main/AndroidManifest.xml:19:22-87
27    <uses-permission android:name="android.permission.BLUETOOTH_ADMIN" />
27-->src/main/AndroidManifest.xml:21:5-73
27-->src/main/AndroidManifest.xml:21:22-71
28    <uses-permission android:name="android.permission.ACCESS_FINE_LOCATION" />
28-->src/main/AndroidManifest.xml:22:5-78
28-->src/main/AndroidManifest.xml:22:22-76
29    <uses-permission android:name="com.android.providers.tv.permission.READ_EPG_DATA" />
29-->[androidx.tvprovider:tvprovider:1.0.0] AndroidManifest.xml:23:5-89
29-->[androidx.tvprovider:tvprovider:1.0.0] AndroidManifest.xml:23:22-86
30
31    <application
31-->src/main/AndroidManifest.xml:26:5-109:19
32        android:name="net.programmierecke.radiodroid2.RadioDroidApp"
32-->src/main/AndroidManifest.xml:28:9-38
33        android:allowBackup="true"
33-->src/main/AndroidManifest.xml:29:9-35
34        android:appComponentFactory="androidx.core.app.CoreComponentFactory"
34-->[androidx.core:core:1.3.1] AndroidManifest.xml:24:18-86
35        android:banner="@mipmap/ic_banner"
35-->src/main/AndroidManifest.xml:27:9-43
36        android:debuggable="true"
37        android:icon="@mipmap/ic_launcher"
37-->src/main/AndroidManifest.xml:30:9-43
38        android:label="@string/app_name"
38-->src/main/AndroidManifest.xml:32:9-41
39        android:networkSecurityConfig="@xml/network_security_config"
39-->src/main/AndroidManifest.xml:35:9-69
40        android:requestLegacyExternalStorage="true"
40-->src/main/AndroidManifest.xml:34:9-52
41        android:roundIcon="@mipmap/ic_launcher_round"
41-->src/main/AndroidManifest.xml:31:9-54
42        android:theme="@style/MyMaterialTheme" >
42-->src/main/AndroidManifest.xml:33:9-47
43        <provider
43-->src/main/AndroidManifest.xml:36:9-44:20
44            android:name="androidx.core.content.FileProvider"
44-->src/main/AndroidManifest.xml:38:13-62
45            android:authorities="net.programmierecke.radiodroid2.fileprovider"
45-->src/main/AndroidManifest.xml:37:13-79
46            android:exported="false"
46-->src/main/AndroidManifest.xml:39:13-37
47            android:grantUriPermissions="true" >
47-->src/main/AndroidManifest.xml:40:13-47
48            <meta-data
48-->src/main/AndroidManifest.xml:41:13-43:54
49                android:name="android.support.FILE_PROVIDER_PATHS"
49-->src/main/AndroidManifest.xml:42:17-67
50                android:resource="@xml/file_paths" />
50-->src/main/AndroidManifest.xml:43:17-51
51        </provider>
52
53        <activity
53-->src/main/AndroidManifest.xml:46:9-61:20
54            android:name="net.programmierecke.radiodroid2.ActivityMain"
54-->src/main/AndroidManifest.xml:47:13-41
55            android:label="@string/app_name"
55-->src/main/AndroidManifest.xml:48:13-45
56            android:launchMode="singleTop" >
56-->src/main/AndroidManifest.xml:49:13-43
57            <intent-filter>
57-->src/main/AndroidManifest.xml:50:13-54:29
58                <action android:name="android.intent.action.MAIN" />
58-->src/main/AndroidManifest.xml:51:17-69
58-->src/main/AndroidManifest.xml:51:25-66
59
60                <category android:name="android.intent.category.LAUNCHER" />
60-->src/main/AndroidManifest.xml:52:17-77
60-->src/main/AndroidManifest.xml:52:27-74
61                <category android:name="android.intent.category.LEANBACK_LAUNCHER" />
61-->src/main/AndroidManifest.xml:53:17-86
61-->src/main/AndroidManifest.xml:53:27-83
62            </intent-filter>
63
64            <!-- Use this intent filter to get voice searches, like "Play The Beatles" -->
65            <!-- <intent-filter> -->
66            <!-- <action android:name="android.media.action.MEDIA_PLAY_FROM_SEARCH" /> -->
67            <!-- <category android:name="android.intent.category.DEFAULT" /> -->
68            <!-- </intent-filter> -->
69        </activity>
70
71        <service
71-->src/main/AndroidManifest.xml:62:9-68:19
72            android:name="net.programmierecke.radiodroid2.service.PlayerService"
72-->src/main/AndroidManifest.xml:63:13-81
73            android:permission="android.permission.BIND_JOB_SERVICE" >
73-->src/main/AndroidManifest.xml:64:13-69
74            <intent-filter>
74-->src/main/AndroidManifest.xml:65:13-67:29
75                <action android:name="android.intent.action.MEDIA_BUTTON" />
75-->src/main/AndroidManifest.xml:66:17-77
75-->src/main/AndroidManifest.xml:66:25-74
76            </intent-filter>
77        </service>
78
79        <!-- <service -->
80        <!-- android:name="net.programmierecke.radiodroid2.service.RadioDroidBrowserService" -->
81        <!-- android:exported="true" -->
82        <!-- tools:ignore="ExportedService"> -->
83        <!-- <intent-filter> -->
84        <!-- <action android:name="android.media.browse.MediaBrowserService" /> -->
85        <!-- </intent-filter> -->
86        <!-- </service> -->
87
88        <receiver
88-->src/main/AndroidManifest.xml:79:9-85:20
89            android:name="net.programmierecke.radiodroid2.alarm.AlarmReceiver"
89-->src/main/AndroidManifest.xml:80:13-79
90            android:enabled="true" >
90-->src/main/AndroidManifest.xml:81:13-35
91            <intent-filter>
91-->src/main/AndroidManifest.xml:82:13-84:29
92                <action android:name=".AlarmReceiver" />
92-->src/main/AndroidManifest.xml:83:17-57
92-->src/main/AndroidManifest.xml:83:25-54
93            </intent-filter>
94        </receiver>
95        <receiver android:name="androidx.media.session.MediaButtonReceiver" >
95-->src/main/AndroidManifest.xml:87:9-91:20
95-->src/main/AndroidManifest.xml:87:19-76
96            <intent-filter>
96-->src/main/AndroidManifest.xml:65:13-67:29
97                <action android:name="android.intent.action.MEDIA_BUTTON" />
97-->src/main/AndroidManifest.xml:66:17-77
97-->src/main/AndroidManifest.xml:66:25-74
98            </intent-filter>
99        </receiver>
100        <receiver
100-->src/main/AndroidManifest.xml:93:9-99:20
101            android:name="net.programmierecke.radiodroid2.BootReceiver"
101-->src/main/AndroidManifest.xml:94:13-72
102            android:enabled="true" >
102-->src/main/AndroidManifest.xml:95:13-35
103            <intent-filter>
103-->src/main/AndroidManifest.xml:96:13-98:29
104                <action android:name="android.intent.action.BOOT_COMPLETED" />
104-->src/main/AndroidManifest.xml:97:17-79
104-->src/main/AndroidManifest.xml:97:25-76
105            </intent-filter>
106        </receiver>
107
108        <!-- <meta-data -->
109        <!-- android:name="com.google.android.gms.car.application" -->
110        <!-- android:resource="@xml/automotive_app_desc" /> -->
111
112
113        <!-- <meta-data -->
114        <!-- android:name="com.google.android.gms.car.notification.SmallIcon" -->
115        <!-- android:resource="@mipmap/ic_launcher" /> -->
116
117        <provider
117-->[com.mikepenz:iconics-core:4.0.2] AndroidManifest.xml:27:9-32:39
118            android:name="com.mikepenz.iconics.IconicsContentProvider"
118-->[com.mikepenz:iconics-core:4.0.2] AndroidManifest.xml:28:13-71
119            android:authorities="net.programmierecke.radiodroid2.iconics.core.provider"
119-->[com.mikepenz:iconics-core:4.0.2] AndroidManifest.xml:29:13-73
120            android:enabled="@bool/is_iconics_content_provider_enabled"
120-->[com.mikepenz:iconics-core:4.0.2] AndroidManifest.xml:30:13-72
121            android:exported="false"
121-->[com.mikepenz:iconics-core:4.0.2] AndroidManifest.xml:31:13-37
122            android:initOrder="100" />
122-->[com.mikepenz:iconics-core:4.0.2] AndroidManifest.xml:32:13-36
123        <provider
123-->[com.squareup.picasso:picasso:2.71828] AndroidManifest.xml:8:9-11:40
124            android:name="com.squareup.picasso.PicassoProvider"
124-->[com.squareup.picasso:picasso:2.71828] AndroidManifest.xml:9:13-64
125            android:authorities="net.programmierecke.radiodroid2.com.squareup.picasso"
125-->[com.squareup.picasso:picasso:2.71828] AndroidManifest.xml:10:13-72
126            android:exported="false" />
126-->[com.squareup.picasso:picasso:2.71828] AndroidManifest.xml:11:13-37
127
128        <service
128-->[androidx.room:room-runtime:2.2.5] AndroidManifest.xml:25:9-28:40
129            android:name="androidx.room.MultiInstanceInvalidationService"
129-->[androidx.room:room-runtime:2.2.5] AndroidManifest.xml:26:13-74
130            android:directBootAware="true"
130-->[androidx.room:room-runtime:2.2.5] AndroidManifest.xml:27:13-43
131            android:exported="false" />
131-->[androidx.room:room-runtime:2.2.5] AndroidManifest.xml:28:13-37
132
133        <provider
133-->[androidx.lifecycle:lifecycle-process:2.2.0] AndroidManifest.xml:25:9-29:43
134            android:name="androidx.lifecycle.ProcessLifecycleOwnerInitializer"
134-->[androidx.lifecycle:lifecycle-process:2.2.0] AndroidManifest.xml:26:13-79
135            android:authorities="net.programmierecke.radiodroid2.lifecycle-process"
135-->[androidx.lifecycle:lifecycle-process:2.2.0] AndroidManifest.xml:27:13-69
136            android:exported="false"
136-->[androidx.lifecycle:lifecycle-process:2.2.0] AndroidManifest.xml:28:13-37
137            android:multiprocess="true" />
137-->[androidx.lifecycle:lifecycle-process:2.2.0] AndroidManifest.xml:29:13-40
138    </application>
139
140</manifest>